mode: set
github.com/aplombomb/boombot/discord/help.go:18.109,23.2 1 1
github.com/aplombomb/boombot/discord/help.go:26.51,48.16 2 1
github.com/aplombomb/boombot/discord/help.go:51.2,53.12 3 1
github.com/aplombomb/boombot/discord/help.go:48.16,50.3 1 1
github.com/aplombomb/boombot/discord/reactions.go:94.189,102.2 1 1
github.com/aplombomb/boombot/discord/reactions.go:105.81,122.52 7 1
github.com/aplombomb/boombot/discord/reactions.go:159.2,159.60 1 1
github.com/aplombomb/boombot/discord/reactions.go:198.2,198.60 1 1
github.com/aplombomb/boombot/discord/reactions.go:236.2,236.17 1 1
github.com/aplombomb/boombot/discord/reactions.go:122.52,123.60 1 1
github.com/aplombomb/boombot/discord/reactions.go:123.60,127.18 4 1
github.com/aplombomb/boombot/discord/reactions.go:130.4,133.36 2 1
github.com/aplombomb/boombot/discord/reactions.go:141.4,155.9 2 1
github.com/aplombomb/boombot/discord/reactions.go:127.18,129.5 1 1
github.com/aplombomb/boombot/discord/reactions.go:133.36,134.81 1 1
github.com/aplombomb/boombot/discord/reactions.go:134.81,139.6 4 1
github.com/aplombomb/boombot/discord/reactions.go:159.60,160.64 1 1
github.com/aplombomb/boombot/discord/reactions.go:160.64,164.18 4 1
github.com/aplombomb/boombot/discord/reactions.go:167.4,170.36 2 1
github.com/aplombomb/boombot/discord/reactions.go:178.4,193.9 3 1
github.com/aplombomb/boombot/discord/reactions.go:164.18,166.5 1 1
github.com/aplombomb/boombot/discord/reactions.go:170.36,171.81 1 1
github.com/aplombomb/boombot/discord/reactions.go:171.81,176.6 4 1
github.com/aplombomb/boombot/discord/reactions.go:198.60,199.64 1 1
github.com/aplombomb/boombot/discord/reactions.go:199.64,203.18 4 1
github.com/aplombomb/boombot/discord/reactions.go:206.4,209.36 2 1
github.com/aplombomb/boombot/discord/reactions.go:218.4,233.9 3 1
github.com/aplombomb/boombot/discord/reactions.go:203.18,205.5 1 1
github.com/aplombomb/boombot/discord/reactions.go:209.36,210.81 1 1
github.com/aplombomb/boombot/discord/reactions.go:210.81,215.6 4 1
github.com/aplombomb/boombot/discord/reactions.go:240.64,242.31 2 1
github.com/aplombomb/boombot/discord/reactions.go:249.2,249.18 1 1
github.com/aplombomb/boombot/discord/reactions.go:242.31,248.3 1 1
github.com/aplombomb/boombot/discord/voice.go:8.90,10.2 0 0
github.com/aplombomb/boombot/discord/command.go:20.168,26.2 1 0
github.com/aplombomb/boombot/discord/command.go:29.43,31.13 2 0
github.com/aplombomb/boombot/discord/command.go:32.31,34.20 2 0
github.com/aplombomb/boombot/discord/command.go:35.14,35.14 0 0
github.com/aplombomb/boombot/discord/command.go:37.10,43.24 2 0
github.com/aplombomb/boombot/discord/command.go:49.67,52.31 3 0
github.com/aplombomb/boombot/discord/command.go:58.2,58.22 1 0
github.com/aplombomb/boombot/discord/command.go:52.31,54.32 2 0
github.com/aplombomb/boombot/discord/command.go:54.32,56.4 1 0
github.com/aplombomb/boombot/discord/eventdelegation.go:14.71,16.16 2 0
github.com/aplombomb/boombot/discord/eventdelegation.go:22.2,25.16 4 0
github.com/aplombomb/boombot/discord/eventdelegation.go:16.16,21.3 2 0
github.com/aplombomb/boombot/discord/eventdelegation.go:29.71,31.16 2 0
github.com/aplombomb/boombot/discord/eventdelegation.go:37.2,40.16 4 0
github.com/aplombomb/boombot/discord/eventdelegation.go:31.16,36.3 2 0
github.com/aplombomb/boombot/discord/eventdelegation.go:40.16,42.3 1 0
github.com/aplombomb/boombot/discord/eventdelegation.go:46.77,51.16 4 0
github.com/aplombomb/boombot/discord/eventdelegation.go:57.2,57.16 1 0
github.com/aplombomb/boombot/discord/eventdelegation.go:51.16,53.3 1 0
github.com/aplombomb/boombot/discord/eventdelegation.go:57.16,59.3 1 0
github.com/aplombomb/boombot/discord/eventdelegation.go:63.85,69.2 1 0
github.com/aplombomb/boombot/discord/message.go:19.111,24.2 1 1
github.com/aplombomb/boombot/discord/message.go:27.58,29.28 1 1
github.com/aplombomb/boombot/discord/message.go:37.2,37.12 1 1
github.com/aplombomb/boombot/discord/message.go:30.26,31.99 1 1
github.com/aplombomb/boombot/discord/message.go:34.10,35.8 1 1
github.com/aplombomb/boombot/discord/message.go:31.99,33.4 1 1
github.com/aplombomb/boombot/discord/run.go:37.13,45.2 1 1
github.com/aplombomb/boombot/discord/run.go:48.91,89.2 11 0
github.com/aplombomb/boombot/discord/run.go:91.102,101.16 4 1
github.com/aplombomb/boombot/discord/run.go:101.16,103.3 1 0
github.com/aplombomb/boombot/discord/unknown.go:18.115,23.2 1 1
github.com/aplombomb/boombot/discord/unknown.go:26.58,41.16 2 1
github.com/aplombomb/boombot/discord/unknown.go:45.2,49.12 4 1
github.com/aplombomb/boombot/discord/unknown.go:41.16,43.3 1 1
